<?xml version="1.0" encoding="UTF-8"?>
<!-- Generated by org.testng.reporters.JUnitReportReporter -->
<testsuite hostname="ArunRaji" failures="0" tests="7" name="org.testng.parallelExecution.A" time="0.020" errors="0" timestamp="11 Nov 2022 10:17:43 GMT" skipped="0">
  <testcase classname="org.testng.parallelExecution.A" name="test4" time="0.001"/>
  <testcase classname="org.testng.parallelExecution.A" name="test3" time="0.001"/>
  <testcase classname="org.testng.parallelExecution.A" name="test2" time="0.003"/>
  <testcase classname="org.testng.parallelExecution.A" name="test1" time="0.012"/>
  <testcase classname="org.testng.parallelExecution.A" name="test5" time="0.001"/>
  <testcase classname="org.testng.parallelExecution.A" name="test6" time="0.001"/>
  <testcase classname="org.testng.parallelExecution.A" name="test7" time="0.001"/>
</testsuite> <!-- org.testng.parallelExecution.A -->
