<?xml version="1.0" encoding="UTF-8"?>
<!-- Generated by org.testng.reporters.JUnitReportReporter -->
<testsuite hostname="ArunRaji" failures="0" tests="9" name="org.testng.practice.TestNGEnabledAndInvocationCount" time="0.009" errors="0" timestamp="08 Nov 2022 09:21:50 GMT" skipped="1">
  <testcase classname="org.testng.practice.TestNGEnabledAndInvocationCount" name="Test5" time="0.006"/>
  <testcase classname="org.testng.practice.TestNGEnabledAndInvocationCount" name="Test3" time="0.000"/>
  <testcase classname="org.testng.practice.TestNGEnabledAndInvocationCount" name="Test3" time="0.000"/>
  <testcase classname="org.testng.practice.TestNGEnabledAndInvocationCount" name="Test3" time="0.002"/>
  <testcase classname="org.testng.practice.TestNGEnabledAndInvocationCount" name="Test3" time="0.001"/>
  <testcase classname="org.testng.practice.TestNGEnabledAndInvocationCount" name="Test4" time="0.000"/>
  <testcase classname="org.testng.practice.TestNGEnabledAndInvocationCount" name="Test3" time="0.000"/>
  <testcase classname="org.testng.practice.TestNGEnabledAndInvocationCount" name="Test2" time="0.000"/>
  <testcase classname="org.testng.practice.TestNGEnabledAndInvocationCount" name="Test1">
    <skipped/>
  </testcase> <!-- Test1 -->
</testsuite> <!-- org.testng.practice.TestNGEnabledAndInvocationCount -->
