<?xml version="1.0" encoding="UTF-8"?>
<!-- Generated by org.testng.reporters.JUnitReportReporter -->
<testsuite hostname="ArunRaji" failures="0" tests="1" name="org.testng.practice.NormalFlow" time="0.000" errors="0" timestamp="08 Nov 2022 09:21:50 GMT" skipped="0">
  <testcase classname="org.testng.practice.NormalFlow" name="Test" time="0.000"/>
</testsuite> <!-- org.testng.practice.NormalFlow -->
