<?xml version="1.0" encoding="UTF-8"?>
<!-- Generated by org.testng.reporters.JUnitReportReporter -->
<testsuite hostname="ArunRaji" failures="0" tests="5" name="org.testng.TestNGTest" time="12.780" errors="0" timestamp="09 Nov 2022 12:52:15 GMT" skipped="0">
  <testcase classname="org.testng.TestNGTest" name="loginPage" time="4.162"/>
  <testcase classname="org.testng.TestNGTest" name="searchHotelPage" time="1.387"/>
  <testcase classname="org.testng.TestNGTest" name="selectHotelPage" time="0.814"/>
  <testcase classname="org.testng.TestNGTest" name="bookHotelPage" time="0.557"/>
  <testcase classname="org.testng.TestNGTest" name="orderNumberPage" time="5.860"/>
</testsuite> <!-- org.testng.TestNGTest -->
