<?xml version="1.0" encoding="UTF-8"?>
<!-- Generated by org.testng.reporters.JUnitReportReporter -->
<testsuite hostname="ArunRaji" failures="0" tests="8" name="org.testng.parallelExecution.B" time="0.018" errors="0" timestamp="11 Nov 2022 10:23:37 GMT" skipped="0">
  <testcase classname="org.testng.parallelExecution.B" name="test12" time="0.001"/>
  <testcase classname="org.testng.parallelExecution.B" name="test22" time="0.001"/>
  <testcase classname="org.testng.parallelExecution.B" name="test12" time="0.006"/>
  <testcase classname="org.testng.parallelExecution.B" name="test12" time="0.006"/>
  <testcase classname="org.testng.parallelExecution.B" name="test22" time="0.001"/>
  <testcase classname="org.testng.parallelExecution.B" name="test22" time="0.001"/>
  <testcase classname="org.testng.parallelExecution.B" name="test22" time="0.001"/>
  <testcase classname="org.testng.parallelExecution.B" name="test12" time="0.001"/>
</testsuite> <!-- org.testng.parallelExecution.B -->
