<?xml version="1.0" encoding="UTF-8"?>
<!-- Generated by org.testng.reporters.JUnitReportReporter -->
<testsuite hostname="ArunRaji" failures="0" tests="5" name="org.testng.practice.TestNGPriority" time="0.006" errors="0" timestamp="08 Nov 2022 08:56:46 GMT" skipped="0">
  <testcase classname="org.testng.practice.TestNGPriority" name="Test3" time="0.005"/>
  <testcase classname="org.testng.practice.TestNGPriority" name="Test5" time="0.001"/>
  <testcase classname="org.testng.practice.TestNGPriority" name="Test4" time="0.000"/>
  <testcase classname="org.testng.practice.TestNGPriority" name="Test2" time="0.000"/>
  <testcase classname="org.testng.practice.TestNGPriority" name="Test1" time="0.000"/>
</testsuite> <!-- org.testng.practice.TestNGPriority -->
