<?xml version="1.0" encoding="UTF-8"?>
<!-- Generated by org.testng.reporters.JUnitReportReporter -->
<testsuite hostname="ArunRaji" failures="0" tests="5" name="org.adactin.testng.AdactinTestNg" time="11.808" errors="0" timestamp="08 Nov 2022 13:10:45 GMT" skipped="0">
  <testcase classname="org.adactin.testng.AdactinTestNg" name="loginPage" time="3.536"/>
  <testcase classname="org.adactin.testng.AdactinTestNg" name="searchHotelPage" time="1.140"/>
  <testcase classname="org.adactin.testng.AdactinTestNg" name="selectHotelpage" time="0.921"/>
  <testcase classname="org.adactin.testng.AdactinTestNg" name="bookHotelPage" time="0.542"/>
  <testcase classname="org.adactin.testng.AdactinTestNg" name="orderNumPage" time="5.669"/>
</testsuite> <!-- org.adactin.testng.AdactinTestNg -->
