<?xml version="1.0" encoding="UTF-8"?>
<!-- Generated by org.testng.reporters.JUnitReportReporter -->
<testsuite hostname="ArunRaji" failures="0" tests="5" name="org.adactin.testng.parameters.dataproviders.AdactinTestNgWithDataProviders$AdactinTestNgWithParameters" time="11.086" errors="0" timestamp="09 Nov 2022 07:50:57 GMT" skipped="0">
  <testcase classname="org.adactin.testng.parameters.dataproviders.AdactinTestNgWithDataProviders$AdactinTestNgWithParameters" name="loginPage" time="3.033"/>
  <testcase classname="org.adactin.testng.parameters.dataproviders.AdactinTestNgWithDataProviders$AdactinTestNgWithParameters" name="searchHotelPage" time="1.351"/>
  <testcase classname="org.adactin.testng.parameters.dataproviders.AdactinTestNgWithDataProviders$AdactinTestNgWithParameters" name="selectHotelpage" time="0.812"/>
  <testcase classname="org.adactin.testng.parameters.dataproviders.AdactinTestNgWithDataProviders$AdactinTestNgWithParameters" name="bookHotelPage" time="0.423"/>
  <testcase classname="org.adactin.testng.parameters.dataproviders.AdactinTestNgWithDataProviders$AdactinTestNgWithParameters" name="orderNumPage" time="5.467"/>
</testsuite> <!-- org.adactin.testng.parameters.dataproviders.AdactinTestNgWithDataProviders$AdactinTestNgWithParameters -->
