<?xml version="1.0" encoding="UTF-8"?>
<!-- Generated by org.testng.reporters.JUnitReportReporter -->
<testsuite hostname="ArunRaji" failures="0" tests="1" name="org.testng.practice.TestNGHardAssert" time="8.472" errors="0" timestamp="08 Nov 2022 09:33:23 GMT" skipped="0">
  <testcase classname="org.testng.practice.TestNGHardAssert" name="test1" time="8.472"/>
</testsuite> <!-- org.testng.practice.TestNGHardAssert -->
